27-May-2025 08:51:46.225 INFO [main] org.apache.catalina.startup.VersionLoggerListener.log Server version name:   Apache Tomcat/10.1.41
27-May-2025 08:51:46.229 INFO [main] org.apache.catalina.startup.VersionLoggerListener.log Server built:          May 8 2025 12:44:02 UTC
27-May-2025 08:51:46.229 INFO [main] org.apache.catalina.startup.VersionLoggerListener.log Server version number: 10.1.41.0
27-May-2025 08:51:46.229 INFO [main] org.apache.catalina.startup.VersionLoggerListener.log OS Name:               Windows 11
27-May-2025 08:51:46.229 INFO [main] org.apache.catalina.startup.VersionLoggerListener.log OS Version:            10.0
27-May-2025 08:51:46.229 INFO [main] org.apache.catalina.startup.VersionLoggerListener.log Architecture:          amd64
27-May-2025 08:51:46.229 INFO [main] org.apache.catalina.startup.VersionLoggerListener.log Java Home:             C:\Program Files\Java\jdk-22
27-May-2025 08:51:46.229 INFO [main] org.apache.catalina.startup.VersionLoggerListener.log JVM Version:           22.0.2+9-70
27-May-2025 08:51:46.229 INFO [main] org.apache.catalina.startup.VersionLoggerListener.log JVM Vendor:            Oracle Corporation
27-May-2025 08:51:46.229 INFO [main] org.apache.catalina.startup.VersionLoggerListener.log CATALINA_BASE:         D:\Study\UTE\BaoMatWeb\Test\ProjectBMW\.Smarttomcat
27-May-2025 08:51:46.230 INFO [main] org.apache.catalina.startup.VersionLoggerListener.log CATALINA_HOME:         D:\Download\apache-tomcat-10.1.41-windows-x64\apache-tomcat-10.1.41
27-May-2025 08:51:46.239 INFO [main] org.apache.catalina.startup.VersionLoggerListener.log Command line argument: --add-opens=java.base/java.lang=ALL-UNNAMED
27-May-2025 08:51:46.239 INFO [main] org.apache.catalina.startup.VersionLoggerListener.log Command line argument: --add-opens=java.base/java.io=ALL-UNNAMED
27-May-2025 08:51:46.239 INFO [main] org.apache.catalina.startup.VersionLoggerListener.log Command line argument: --add-opens=java.base/java.util=ALL-UNNAMED
27-May-2025 08:51:46.239 INFO [main] org.apache.catalina.startup.VersionLoggerListener.log Command line argument: --add-opens=java.base/java.util.concurrent=ALL-UNNAMED
27-May-2025 08:51:46.239 INFO [main] org.apache.catalina.startup.VersionLoggerListener.log Command line argument: --add-opens=java.rmi/sun.rmi.transport=ALL-UNNAMED
27-May-2025 08:51:46.239 INFO [main] org.apache.catalina.startup.VersionLoggerListener.log Command line argument: -Dcatalina.home=D:\Download\apache-tomcat-10.1.41-windows-x64\apache-tomcat-10.1.41
27-May-2025 08:51:46.239 INFO [main] org.apache.catalina.startup.VersionLoggerListener.log Command line argument: -Dcatalina.base=D:\Study\UTE\BaoMatWeb\Test\ProjectBMW\.Smarttomcat
27-May-2025 08:51:46.239 INFO [main] org.apache.catalina.startup.VersionLoggerListener.log Command line argument: -Djava.io.tmpdir=D:\Study\UTE\BaoMatWeb\Test\ProjectBMW\.Smarttomcat\temp
27-May-2025 08:51:46.239 INFO [main] org.apache.catalina.startup.VersionLoggerListener.log Command line argument: -Djava.util.logging.config.file=D:\Study\UTE\BaoMatWeb\Test\ProjectBMW\.Smarttomcat\conf\logging.properties
27-May-2025 08:51:46.239 INFO [main] org.apache.catalina.startup.VersionLoggerListener.log Command line argument: -Djava.util.logging.manager=org.apache.juli.ClassLoaderLogManager
27-May-2025 08:51:46.239 INFO [main] org.apache.catalina.startup.VersionLoggerListener.log Command line argument: -javaagent:C:\Program Files\JetBrains\IntelliJ IDEA Community Edition 2024.3.1.1\lib\idea_rt.jar=49959:C:\Program Files\JetBrains\IntelliJ IDEA Community Edition 2024.3.1.1\bin
27-May-2025 08:51:46.239 INFO [main] org.apache.catalina.startup.VersionLoggerListener.log Command line argument: -Dfile.encoding=UTF-8
27-May-2025 08:51:46.240 INFO [main] org.apache.catalina.startup.VersionLoggerListener.log Command line argument: -Dsun.stdout.encoding=UTF-8
27-May-2025 08:51:46.240 INFO [main] org.apache.catalina.startup.VersionLoggerListener.log Command line argument: -Dsun.stderr.encoding=UTF-8
27-May-2025 08:51:46.423 INFO [main] org.apache.catalina.core.AprLifecycleListener.lifecycleEvent Loaded Apache Tomcat Native library [2.0.8] using APR version [1.7.4].
27-May-2025 08:51:46.427 INFO [main] org.apache.catalina.core.AprLifecycleListener.initializeSSL OpenSSL successfully initialized [OpenSSL 3.0.14 4 Jun 2024]
27-May-2025 08:51:46.715 INFO [main] org.apache.coyote.AbstractProtocol.init Initializing ProtocolHandler ["http-nio-8181"]
27-May-2025 08:51:46.733 INFO [main] org.apache.coyote.AbstractProtocol.init Initializing ProtocolHandler ["https-openssl-nio-8282"]
27-May-2025 08:51:46.734 SEVERE [main] org.apache.catalina.util.LifecycleBase.handleSubClassException Failed to initialize component [Connector["https-openssl-nio-8282"]]
	org.apache.catalina.LifecycleException: Protocol handler initialization failed
		at org.apache.catalina.connector.Connector.initInternal(Connector.java:1051)
		at org.apache.catalina.util.LifecycleBase.init(LifecycleBase.java:122)
		at org.apache.catalina.core.StandardService.initInternal(StandardService.java:522)
		at org.apache.catalina.util.LifecycleBase.init(LifecycleBase.java:122)
		at org.apache.catalina.core.StandardServer.initInternal(StandardServer.java:957)
		at org.apache.catalina.util.LifecycleBase.init(LifecycleBase.java:122)
		at org.apache.catalina.startup.Catalina.load(Catalina.java:712)
		at org.apache.catalina.startup.Catalina.load(Catalina.java:735)
		at java.base/jdk.internal.reflect.DirectMethodHandleAccessor.invoke(DirectMethodHandleAccessor.java:103)
		at java.base/java.lang.reflect.Method.invoke(Method.java:580)
		at org.apache.catalina.startup.Bootstrap.load(Bootstrap.java:302)
		at org.apache.catalina.startup.Bootstrap.main(Bootstrap.java:475)
	Caused by: java.net.BindException: Address already in use: bind
		at java.base/sun.nio.ch.Net.bind0(Native Method)
		at java.base/sun.nio.ch.Net.bind(Net.java:565)
		at java.base/sun.nio.ch.ServerSocketChannelImpl.netBind(ServerSocketChannelImpl.java:344)
		at java.base/sun.nio.ch.ServerSocketChannelImpl.bind(ServerSocketChannelImpl.java:301)
		at org.apache.tomcat.util.net.NioEndpoint.initServerSocket(NioEndpoint.java:240)
		at org.apache.tomcat.util.net.NioEndpoint.bind(NioEndpoint.java:195)
		at org.apache.tomcat.util.net.AbstractEndpoint.bindWithCleanup(AbstractEndpoint.java:1304)
		at org.apache.tomcat.util.net.AbstractEndpoint.init(AbstractEndpoint.java:1317)
		at org.apache.coyote.AbstractProtocol.init(AbstractProtocol.java:633)
		at org.apache.coyote.http11.AbstractHttp11Protocol.init(AbstractHttp11Protocol.java:82)
		at org.apache.catalina.connector.Connector.initInternal(Connector.java:1049)
		... 11 more
27-May-2025 08:51:46.735 INFO [main] org.apache.catalina.startup.Catalina.load Server initialization in [746] milliseconds
27-May-2025 08:51:46.783 INFO [main] org.apache.catalina.core.StandardService.startInternal Starting service [Catalina]
27-May-2025 08:51:46.783 INFO [main] org.apache.catalina.core.StandardEngine.startInternal Starting Servlet engine: [Apache Tomcat/10.1.41]
27-May-2025 08:51:46.793 INFO [main] org.apache.catalina.startup.HostConfig.deployDescriptor Deploying deployment descriptor [D:\Study\UTE\BaoMatWeb\Test\ProjectBMW\.Smarttomcat\conf\Catalina\localhost\jellycat1.xml]
27-May-2025 08:51:48.236 INFO [main] org.apache.jasper.servlet.TldScanner.scanJars At least one JAR was scanned for TLDs yet contained no TLDs. Enable debug logging for this logger for a complete list of JARs that were scanned but no TLDs were found in them. Skipping unneeded JARs during scanning can improve startup time and JSP compilation time.
27-May-2025 08:51:49.232 INFO [main] org.apache.catalina.startup.HostConfig.deployDescriptor Deployment of deployment descriptor [D:\Study\UTE\BaoMatWeb\Test\ProjectBMW\.Smarttomcat\conf\Catalina\localhost\jellycat1.xml] has finished in [2,438] ms
27-May-2025 08:51:49.236 INFO [main] org.apache.coyote.AbstractProtocol.start Starting ProtocolHandler ["http-nio-8181"]
27-May-2025 08:51:49.253 INFO [main] org.apache.catalina.startup.Catalina.start Server startup in [2516] milliseconds
27-May-2025 08:54:25.501 INFO [Thread-1] org.apache.coyote.AbstractProtocol.pause Pausing ProtocolHandler ["http-nio-8181"]
27-May-2025 08:54:25.512 INFO [Thread-1] org.apache.coyote.AbstractProtocol.pause Pausing ProtocolHandler ["https-openssl-nio-8282"]
27-May-2025 08:54:25.512 INFO [Thread-1] org.apache.catalina.core.StandardService.stopInternal Stopping service [Catalina]
27-May-2025 08:54:25.557 INFO [Thread-1] org.apache.coyote.AbstractProtocol.stop Stopping ProtocolHandler ["http-nio-8181"]
27-May-2025 08:54:25.572 INFO [Thread-1] org.apache.coyote.AbstractProtocol.destroy Destroying ProtocolHandler ["http-nio-8181"]
27-May-2025 08:54:25.573 INFO [Thread-1] org.apache.coyote.AbstractProtocol.stop Stopping ProtocolHandler ["https-openssl-nio-8282"]
27-May-2025 08:54:25.573 INFO [Thread-1] org.apache.coyote.AbstractProtocol.destroy Destroying ProtocolHandler ["https-openssl-nio-8282"]
27-May-2025 08:54:27.430 INFO [main] org.apache.catalina.startup.VersionLoggerListener.log Server version name:   Apache Tomcat/10.1.41
27-May-2025 08:54:27.434 INFO [main] org.apache.catalina.startup.VersionLoggerListener.log Server built:          May 8 2025 12:44:02 UTC
27-May-2025 08:54:27.435 INFO [main] org.apache.catalina.startup.VersionLoggerListener.log Server version number: 10.1.41.0
27-May-2025 08:54:27.435 INFO [main] org.apache.catalina.startup.VersionLoggerListener.log OS Name:               Windows 11
27-May-2025 08:54:27.435 INFO [main] org.apache.catalina.startup.VersionLoggerListener.log OS Version:            10.0
27-May-2025 08:54:27.435 INFO [main] org.apache.catalina.startup.VersionLoggerListener.log Architecture:          amd64
27-May-2025 08:54:27.435 INFO [main] org.apache.catalina.startup.VersionLoggerListener.log Java Home:             C:\Program Files\Java\jdk-22
27-May-2025 08:54:27.435 INFO [main] org.apache.catalina.startup.VersionLoggerListener.log JVM Version:           22.0.2+9-70
27-May-2025 08:54:27.435 INFO [main] org.apache.catalina.startup.VersionLoggerListener.log JVM Vendor:            Oracle Corporation
27-May-2025 08:54:27.435 INFO [main] org.apache.catalina.startup.VersionLoggerListener.log CATALINA_BASE:         D:\Study\UTE\BaoMatWeb\Test\ProjectBMW\.Smarttomcat
27-May-2025 08:54:27.435 INFO [main] org.apache.catalina.startup.VersionLoggerListener.log CATALINA_HOME:         D:\Download\apache-tomcat-10.1.41-windows-x64\apache-tomcat-10.1.41
27-May-2025 08:54:27.445 INFO [main] org.apache.catalina.startup.VersionLoggerListener.log Command line argument: --add-opens=java.base/java.lang=ALL-UNNAMED
27-May-2025 08:54:27.445 INFO [main] org.apache.catalina.startup.VersionLoggerListener.log Command line argument: --add-opens=java.base/java.io=ALL-UNNAMED
27-May-2025 08:54:27.446 INFO [main] org.apache.catalina.startup.VersionLoggerListener.log Command line argument: --add-opens=java.base/java.util=ALL-UNNAMED
27-May-2025 08:54:27.446 INFO [main] org.apache.catalina.startup.VersionLoggerListener.log Command line argument: --add-opens=java.base/java.util.concurrent=ALL-UNNAMED
27-May-2025 08:54:27.446 INFO [main] org.apache.catalina.startup.VersionLoggerListener.log Command line argument: --add-opens=java.rmi/sun.rmi.transport=ALL-UNNAMED
27-May-2025 08:54:27.446 INFO [main] org.apache.catalina.startup.VersionLoggerListener.log Command line argument: -Dcatalina.home=D:\Download\apache-tomcat-10.1.41-windows-x64\apache-tomcat-10.1.41
27-May-2025 08:54:27.446 INFO [main] org.apache.catalina.startup.VersionLoggerListener.log Command line argument: -Dcatalina.base=D:\Study\UTE\BaoMatWeb\Test\ProjectBMW\.Smarttomcat
27-May-2025 08:54:27.446 INFO [main] org.apache.catalina.startup.VersionLoggerListener.log Command line argument: -Djava.io.tmpdir=D:\Study\UTE\BaoMatWeb\Test\ProjectBMW\.Smarttomcat\temp
27-May-2025 08:54:27.446 INFO [main] org.apache.catalina.startup.VersionLoggerListener.log Command line argument: -Djava.util.logging.config.file=D:\Study\UTE\BaoMatWeb\Test\ProjectBMW\.Smarttomcat\conf\logging.properties
27-May-2025 08:54:27.446 INFO [main] org.apache.catalina.startup.VersionLoggerListener.log Command line argument: -Djava.util.logging.manager=org.apache.juli.ClassLoaderLogManager
27-May-2025 08:54:27.447 INFO [main] org.apache.catalina.startup.VersionLoggerListener.log Command line argument: -javaagent:C:\Program Files\JetBrains\IntelliJ IDEA Community Edition 2024.3.1.1\lib\idea_rt.jar=50140:C:\Program Files\JetBrains\IntelliJ IDEA Community Edition 2024.3.1.1\bin
27-May-2025 08:54:27.447 INFO [main] org.apache.catalina.startup.VersionLoggerListener.log Command line argument: -Dfile.encoding=UTF-8
27-May-2025 08:54:27.447 INFO [main] org.apache.catalina.startup.VersionLoggerListener.log Command line argument: -Dsun.stdout.encoding=UTF-8
27-May-2025 08:54:27.447 INFO [main] org.apache.catalina.startup.VersionLoggerListener.log Command line argument: -Dsun.stderr.encoding=UTF-8
27-May-2025 08:54:27.450 INFO [main] org.apache.catalina.core.AprLifecycleListener.lifecycleEvent Loaded Apache Tomcat Native library [2.0.8] using APR version [1.7.4].
27-May-2025 08:54:27.456 INFO [main] org.apache.catalina.core.AprLifecycleListener.initializeSSL OpenSSL successfully initialized [OpenSSL 3.0.14 4 Jun 2024]
27-May-2025 08:54:27.840 INFO [main] org.apache.coyote.AbstractProtocol.init Initializing ProtocolHandler ["http-nio-8181"]
27-May-2025 08:54:27.862 INFO [main] org.apache.coyote.AbstractProtocol.init Initializing ProtocolHandler ["https-openssl-nio-8282"]
27-May-2025 08:54:28.020 INFO [main] org.apache.tomcat.util.net.AbstractEndpoint.logCertificate Connector [https-openssl-nio-8282], TLS virtual host [_default_], certificate type [RSA] configured from keystore [conf/keystore.jks] using alias [tomcat] with trust store [null]
27-May-2025 08:54:28.027 INFO [main] org.apache.catalina.startup.Catalina.load Server initialization in [895] milliseconds
27-May-2025 08:54:28.095 INFO [main] org.apache.catalina.core.StandardService.startInternal Starting service [Catalina]
27-May-2025 08:54:28.095 INFO [main] org.apache.catalina.core.StandardEngine.startInternal Starting Servlet engine: [Apache Tomcat/10.1.41]
27-May-2025 08:54:28.111 INFO [main] org.apache.catalina.startup.HostConfig.deployDescriptor Deploying deployment descriptor [D:\Study\UTE\BaoMatWeb\Test\ProjectBMW\.Smarttomcat\conf\Catalina\localhost\jellycat1.xml]
27-May-2025 08:54:29.601 INFO [main] org.apache.jasper.servlet.TldScanner.scanJars At least one JAR was scanned for TLDs yet contained no TLDs. Enable debug logging for this logger for a complete list of JARs that were scanned but no TLDs were found in them. Skipping unneeded JARs during scanning can improve startup time and JSP compilation time.
27-May-2025 08:54:30.777 INFO [main] org.apache.catalina.startup.HostConfig.deployDescriptor Deployment of deployment descriptor [D:\Study\UTE\BaoMatWeb\Test\ProjectBMW\.Smarttomcat\conf\Catalina\localhost\jellycat1.xml] has finished in [2,664] ms
27-May-2025 08:54:30.781 INFO [main] org.apache.coyote.AbstractProtocol.start Starting ProtocolHandler ["http-nio-8181"]
27-May-2025 08:54:30.804 INFO [main] org.apache.coyote.AbstractProtocol.start Starting ProtocolHandler ["https-openssl-nio-8282"]
27-May-2025 08:54:30.808 INFO [main] org.apache.catalina.startup.Catalina.start Server startup in [2779] milliseconds
27-May-2025 08:59:43.274 INFO [Thread-1] org.apache.coyote.AbstractProtocol.pause Pausing ProtocolHandler ["http-nio-8181"]
27-May-2025 08:59:43.277 INFO [Thread-1] org.apache.coyote.AbstractProtocol.pause Pausing ProtocolHandler ["https-openssl-nio-8282"]
27-May-2025 08:59:43.280 INFO [Thread-1] org.apache.catalina.core.StandardService.stopInternal Stopping service [Catalina]
27-May-2025 08:59:43.284 WARNING [Thread-1] org.apache.catalina.loader.WebappClassLoaderBase.clearReferencesJdbc The web application [jellycat1] registered the JDBC driver [com.microsoft.sqlserver.jdbc.SQLServerDriver] but failed to unregister it when the web application was stopped. To prevent a memory leak, the JDBC Driver has been forcibly unregistered.
27-May-2025 08:59:43.291 INFO [Thread-1] org.apache.coyote.AbstractProtocol.stop Stopping ProtocolHandler ["http-nio-8181"]
27-May-2025 08:59:43.302 INFO [Thread-1] org.apache.coyote.AbstractProtocol.stop Stopping ProtocolHandler ["https-openssl-nio-8282"]
27-May-2025 08:59:43.313 INFO [Thread-1] org.apache.coyote.AbstractProtocol.destroy Destroying ProtocolHandler ["http-nio-8181"]
27-May-2025 08:59:43.314 INFO [Thread-1] org.apache.coyote.AbstractProtocol.destroy Destroying ProtocolHandler ["https-openssl-nio-8282"]
27-May-2025 09:04:38.505 INFO [main] org.apache.catalina.startup.VersionLoggerListener.log Server version name:   Apache Tomcat/10.1.41
27-May-2025 09:04:38.508 INFO [main] org.apache.catalina.startup.VersionLoggerListener.log Server built:          May 8 2025 12:44:02 UTC
27-May-2025 09:04:38.508 INFO [main] org.apache.catalina.startup.VersionLoggerListener.log Server version number: 10.1.41.0
27-May-2025 09:04:38.508 INFO [main] org.apache.catalina.startup.VersionLoggerListener.log OS Name:               Windows 11
27-May-2025 09:04:38.509 INFO [main] org.apache.catalina.startup.VersionLoggerListener.log OS Version:            10.0
27-May-2025 09:04:38.509 INFO [main] org.apache.catalina.startup.VersionLoggerListener.log Architecture:          amd64
27-May-2025 09:04:38.509 INFO [main] org.apache.catalina.startup.VersionLoggerListener.log Java Home:             C:\Program Files\Java\jdk-22
27-May-2025 09:04:38.509 INFO [main] org.apache.catalina.startup.VersionLoggerListener.log JVM Version:           22.0.2+9-70
27-May-2025 09:04:38.509 INFO [main] org.apache.catalina.startup.VersionLoggerListener.log JVM Vendor:            Oracle Corporation
27-May-2025 09:04:38.509 INFO [main] org.apache.catalina.startup.VersionLoggerListener.log CATALINA_BASE:         D:\Study\UTE\BaoMatWeb\Test\ProjectBMW\.Smarttomcat
27-May-2025 09:04:38.510 INFO [main] org.apache.catalina.startup.VersionLoggerListener.log CATALINA_HOME:         D:\Download\apache-tomcat-10.1.41-windows-x64\apache-tomcat-10.1.41
27-May-2025 09:04:38.517 INFO [main] org.apache.catalina.startup.VersionLoggerListener.log Command line argument: --add-opens=java.base/java.lang=ALL-UNNAMED
27-May-2025 09:04:38.517 INFO [main] org.apache.catalina.startup.VersionLoggerListener.log Command line argument: --add-opens=java.base/java.io=ALL-UNNAMED
27-May-2025 09:04:38.517 INFO [main] org.apache.catalina.startup.VersionLoggerListener.log Command line argument: --add-opens=java.base/java.util=ALL-UNNAMED
27-May-2025 09:04:38.518 INFO [main] org.apache.catalina.startup.VersionLoggerListener.log Command line argument: --add-opens=java.base/java.util.concurrent=ALL-UNNAMED
27-May-2025 09:04:38.518 INFO [main] org.apache.catalina.startup.VersionLoggerListener.log Command line argument: --add-opens=java.rmi/sun.rmi.transport=ALL-UNNAMED
27-May-2025 09:04:38.518 INFO [main] org.apache.catalina.startup.VersionLoggerListener.log Command line argument: -Dcatalina.home=D:\Download\apache-tomcat-10.1.41-windows-x64\apache-tomcat-10.1.41
27-May-2025 09:04:38.518 INFO [main] org.apache.catalina.startup.VersionLoggerListener.log Command line argument: -Dcatalina.base=D:\Study\UTE\BaoMatWeb\Test\ProjectBMW\.Smarttomcat
27-May-2025 09:04:38.518 INFO [main] org.apache.catalina.startup.VersionLoggerListener.log Command line argument: -Djava.io.tmpdir=D:\Study\UTE\BaoMatWeb\Test\ProjectBMW\.Smarttomcat\temp
27-May-2025 09:04:38.518 INFO [main] org.apache.catalina.startup.VersionLoggerListener.log Command line argument: -Djava.util.logging.config.file=D:\Study\UTE\BaoMatWeb\Test\ProjectBMW\.Smarttomcat\conf\logging.properties
27-May-2025 09:04:38.518 INFO [main] org.apache.catalina.startup.VersionLoggerListener.log Command line argument: -Djava.util.logging.manager=org.apache.juli.ClassLoaderLogManager
27-May-2025 09:04:38.519 INFO [main] org.apache.catalina.startup.VersionLoggerListener.log Command line argument: -javaagent:C:\Program Files\JetBrains\IntelliJ IDEA Community Edition 2024.3.1.1\lib\idea_rt.jar=50382:C:\Program Files\JetBrains\IntelliJ IDEA Community Edition 2024.3.1.1\bin
27-May-2025 09:04:38.519 INFO [main] org.apache.catalina.startup.VersionLoggerListener.log Command line argument: -Dfile.encoding=UTF-8
27-May-2025 09:04:38.519 INFO [main] org.apache.catalina.startup.VersionLoggerListener.log Command line argument: -Dsun.stdout.encoding=UTF-8
27-May-2025 09:04:38.519 INFO [main] org.apache.catalina.startup.VersionLoggerListener.log Command line argument: -Dsun.stderr.encoding=UTF-8
27-May-2025 09:04:38.608 INFO [main] org.apache.catalina.core.AprLifecycleListener.lifecycleEvent Loaded Apache Tomcat Native library [2.0.8] using APR version [1.7.4].
27-May-2025 09:04:38.614 INFO [main] org.apache.catalina.core.AprLifecycleListener.initializeSSL OpenSSL successfully initialized [OpenSSL 3.0.14 4 Jun 2024]
27-May-2025 09:04:38.903 INFO [main] org.apache.coyote.AbstractProtocol.init Initializing ProtocolHandler ["http-nio-8181"]
27-May-2025 09:04:38.919 INFO [main] org.apache.coyote.AbstractProtocol.init Initializing ProtocolHandler ["https-openssl-nio-8282"]
27-May-2025 09:04:39.048 INFO [main] org.apache.tomcat.util.net.AbstractEndpoint.logCertificate Connector [https-openssl-nio-8282], TLS virtual host [_default_], certificate type [RSA] configured from keystore [conf/keystore.jks] using alias [tomcat] with trust store [null]
27-May-2025 09:04:39.053 INFO [main] org.apache.catalina.startup.Catalina.load Server initialization in [766] milliseconds
27-May-2025 09:04:39.096 INFO [main] org.apache.catalina.core.StandardService.startInternal Starting service [Catalina]
27-May-2025 09:04:39.096 INFO [main] org.apache.catalina.core.StandardEngine.startInternal Starting Servlet engine: [Apache Tomcat/10.1.41]
27-May-2025 09:04:39.104 INFO [main] org.apache.catalina.startup.HostConfig.deployDescriptor Deploying deployment descriptor [D:\Study\UTE\BaoMatWeb\Test\ProjectBMW\.Smarttomcat\conf\Catalina\localhost\jellycat1.xml]
27-May-2025 09:04:40.393 INFO [main] org.apache.jasper.servlet.TldScanner.scanJars At least one JAR was scanned for TLDs yet contained no TLDs. Enable debug logging for this logger for a complete list of JARs that were scanned but no TLDs were found in them. Skipping unneeded JARs during scanning can improve startup time and JSP compilation time.
27-May-2025 09:04:41.374 INFO [main] org.apache.catalina.startup.HostConfig.deployDescriptor Deployment of deployment descriptor [D:\Study\UTE\BaoMatWeb\Test\ProjectBMW\.Smarttomcat\conf\Catalina\localhost\jellycat1.xml] has finished in [2,270] ms
27-May-2025 09:04:41.379 INFO [main] org.apache.coyote.AbstractProtocol.start Starting ProtocolHandler ["http-nio-8181"]
27-May-2025 09:04:41.393 INFO [main] org.apache.coyote.AbstractProtocol.start Starting ProtocolHandler ["https-openssl-nio-8282"]
27-May-2025 09:04:41.396 INFO [main] org.apache.catalina.startup.Catalina.start Server startup in [2342] milliseconds
27-May-2025 09:25:18.352 INFO [Thread-1] org.apache.coyote.AbstractProtocol.pause Pausing ProtocolHandler ["http-nio-8181"]
27-May-2025 09:25:18.424 INFO [Thread-1] org.apache.coyote.AbstractProtocol.pause Pausing ProtocolHandler ["https-openssl-nio-8282"]
27-May-2025 09:25:18.433 INFO [Thread-1] org.apache.catalina.core.StandardService.stopInternal Stopping service [Catalina]
27-May-2025 09:25:18.756 WARNING [Thread-1] org.apache.catalina.loader.WebappClassLoaderBase.clearReferencesJdbc The web application [jellycat1] registered the JDBC driver [com.microsoft.sqlserver.jdbc.SQLServerDriver] but failed to unregister it when the web application was stopped. To prevent a memory leak, the JDBC Driver has been forcibly unregistered.
27-May-2025 09:25:18.940 INFO [Thread-1] org.apache.coyote.AbstractProtocol.stop Stopping ProtocolHandler ["http-nio-8181"]
27-May-2025 09:25:18.962 INFO [Thread-1] org.apache.coyote.AbstractProtocol.stop Stopping ProtocolHandler ["https-openssl-nio-8282"]
27-May-2025 09:25:18.990 INFO [Thread-1] org.apache.coyote.AbstractProtocol.destroy Destroying ProtocolHandler ["http-nio-8181"]
27-May-2025 09:25:18.991 INFO [Thread-1] org.apache.coyote.AbstractProtocol.destroy Destroying ProtocolHandler ["https-openssl-nio-8282"]
